2017-02-15 20:39:38 Start...
input:/tmp/wordcount/input
output:/tmp/wordcount/ouput
date:20170215
17/02/15 20:39:40 INFO client.RMProxy: Connecting to ResourceManager at hadoop-r720-4/192.168.5.98:8032
17/02/15 20:39:40 INFO input.FileInputFormat: Total input paths to process : 2
17/02/15 20:39:40 INFO lzo.GPLNativeCodeLoader: Loaded native gpl library
17/02/15 20:39:40 INFO lzo.LzoCodec: Successfully loaded & initialized native-lzo library [hadoop-lzo rev 81f769d8035f2313b604bdf0fb630afabae4efbb]
17/02/15 20:39:41 INFO mapreduce.JobSubmitter: number of splits:2
17/02/15 20:39:41 INFO mapreduce.JobSubmitter: Submitting tokens for job: job_1482809144286_5142
17/02/15 20:39:41 INFO impl.YarnClientImpl: Submitted application application_1482809144286_5142
17/02/15 20:39:41 INFO mapreduce.Job: The url to track the job: http://hadoop-r720-4:8088/proxy/application_1482809144286_5142/
17/02/15 20:39:41 INFO mapreduce.Job: Running job: job_1482809144286_5142
17/02/15 20:39:47 INFO mapreduce.Job: Job job_1482809144286_5142 running in uber mode : false
17/02/15 20:39:47 INFO mapreduce.Job:  map 0% reduce 0%
17/02/15 20:39:52 INFO mapreduce.Job:  map 50% reduce 0%
17/02/15 20:39:53 INFO mapreduce.Job:  map 100% reduce 0%
17/02/15 20:39:58 INFO mapreduce.Job:  map 100% reduce 50%
17/02/15 20:39:59 INFO mapreduce.Job:  map 100% reduce 100%
17/02/15 20:40:00 INFO mapreduce.Job: Job job_1482809144286_5142 completed successfully
17/02/15 20:40:00 INFO mapreduce.Job: Counters: 51
	File System Counters
		FILE: Number of bytes read=170
		FILE: Number of bytes written=702097
		FILE: Number of read operations=0
		FILE: Number of large read operations=0
		FILE: Number of write operations=0
		HDFS: Number of bytes read=297
		HDFS: Number of bytes written=66
		HDFS: Number of read operations=18
		HDFS: Number of large read operations=0
		HDFS: Number of write operations=8
	Job Counters 
		Launched map tasks=2
		Launched reduce tasks=4
		Data-local map tasks=1
		Rack-local map tasks=1
		Total time spent by all maps in occupied slots (ms)=6965
		Total time spent by all reduces in occupied slots (ms)=15704
		Total time spent by all map tasks (ms)=6965
		Total time spent by all reduce tasks (ms)=15704
		Total vcore-seconds taken by all map tasks=6965
		Total vcore-seconds taken by all reduce tasks=15704
		Total megabyte-seconds taken by all map tasks=7132160
		Total megabyte-seconds taken by all reduce tasks=16080896
	Map-Reduce Framework
		Map input records=3
		Map output records=12
		Map output bytes=124
		Map output materialized bytes=229
		Input split bytes=222
		Combine input records=12
		Combine output records=9
		Reduce input groups=8
		Reduce shuffle bytes=229
		Reduce input records=9
		Reduce output records=8
		Spilled Records=18
		Shuffled Maps =8
		Failed Shuffles=0
		Merged Map outputs=8
		GC time elapsed (ms)=119
		CPU time spent (ms)=6180
		Physical memory (bytes) snapshot=2573037568
		Virtual memory (bytes) snapshot=9738395648
		Total committed heap usage (bytes)=4753195008
	Shuffle Errors
		BAD_ID=0
		CONNECTION=0
		IO_ERROR=0
		WRONG_LENGTH=0
		WRONG_MAP=0
		WRONG_REDUCE=0
	org.ace.example.WordMapper$LineCounter
		ALL=3
	File Input Format Counters 
		Bytes Read=75
	File Output Format Counters 
		Bytes Written=66
2017-02-15 20:40:01 Exec Success [20170215]!
